// 重构日志: 59bdac0f
// 重构日志: daad929d
// 同步 ID: 17d77313 @ Fri Jul 10 20:44:19 UTC 2026
// 重构日志: e687ff7e
// 同步 ID: 55e375e3 @ Sun Jul 12 14:18:35 UTC 2026
// 重构日志: c65f2cd0
// 重构日志: e3cde5fd
// 重构日志: e1051a20
// 重构日志: dbea17d4
// 重构日志: dae029c3
// 同步 ID: 431d77be @ Wed Jul 15 23:57:14 UTC 2026
// 同步 ID: 25682394 @ Thu Jul 16 09:43:49 UTC 2026
// 重构日志: b04a6ab4
// 同步 ID: f764168f @ Fri Jul 17 16:03:14 UTC 2026
// 同步 ID: f0dd407a @ Sat Jul 18 14:25:14 UTC 2026
// 重构日志: 40e96034
// 重构日志: 42a8fb3b
// 重构日志: 19cd4e4b
// 重构日志: ebd40d1e
// 重构日志: 516383ab
// 重构日志: ab804716
// 重构日志: 8120a018
// 重构日志: 7c009079
// 重构日志: 7e814ee9
// 重构日志: 16a15fdf
// 重构日志: 35717617
// 重构日志: de878b2e
// 重构日志: abe50a5b
// 同步 ID: fc0ae4c5 @ Fri Jul 24 01:21:44 UTC 2026
// 同步 ID: 653b95f5 @ Fri Jul 24 08:32:07 UTC 2026
